# JRE version: OpenJDK Runtime Environment (8.0_242-b01) (build 1.8.0_242-release-1644-b01)
# Java VM: OpenJDK 64-Bit Server VM (25.242-b01 mixed mode windows-amd64 compressed oops)
Heap:
 PSYoungGen      total 608768K, used 39277K [0x00000000d5580000, 0x00000000ffd80000, 0x0000000100000000)
  eden space 518656K, 4% used [0x00000000d5580000,0x00000000d6a7dfb0,0x00000000f5000000)
  from space 90112K, 19% used [0x00000000f5000000,0x00000000f615d7e0,0x00000000fa800000)
  to   space 84992K, 0% used [0x00000000faa80000,0x00000000faa80000,0x00000000ffd80000)
 ParOldGen       total 362496K, used 241866K [0x0000000080000000, 0x0000000096200000, 0x00000000d5580000)
  object space 362496K, 66% used [0x0000000080000000,0x000000008ec329f0,0x0000000096200000)
 Metaspace       used 283869K, capacity 302833K, committed 303276K, reserved 1312768K
  class space    used 36882K, capacity 40617K, committed 40960K, reserved 1048576K
GC Heap History (10 events):
Event: 3317.880 GC heap before
{Heap before GC invocations=70 (full 6):
 PSYoungGen      total 607744K, used 541317K [0x00000000d5580000, 0x00000000ffa00000, 0x0000000100000000)
  eden space 527360K, 100% used [0x00000000d5580000,0x00000000f5880000,0x00000000f5880000)
  from space 80384K, 17% used [0x00000000f5880000,0x00000000f6621638,0x00000000fa700000)
  to   space 76288K, 0% used [0x00000000faf80000,0x00000000faf80000,0x00000000ffa00000)
 ParOldGen       total 345088K, used 313817K [0x0000000080000000, 0x0000000095100000, 0x00000000d5580000)
  object space 345088K, 90% used [0x0000000080000000,0x0000000093276738,0x0000000095100000)
 Metaspace       used 279247K, capacity 298069K, committed 298540K, reserved 1308672K
  class space    used 36335K, capacity 39969K, committed 40320K, reserved 1048576K
Event: 3317.897 GC heap after
Heap after GC invocations=70 (full 6):
 PSYoungGen      total 616448K, used 2208K [0x00000000d5580000, 0x00000000ff800000, 0x0000000100000000)
  eden space 542208K, 0% used [0x00000000d5580000,0x00000000d5580000,0x00000000f6700000)
  from space 74240K, 2% used [0x00000000faf80000,0x00000000fb1a8000,0x00000000ff800000)
  to   space 74240K, 0% used [0x00000000f6700000,0x00000000f6700000,0x00000000faf80000)
 ParOldGen       total 345088K, used 321970K [0x0000000080000000, 0x0000000095100000, 0x00000000d5580000)
  object space 345088K, 93% used [0x0000000080000000,0x0000000093a6c9b8,0x0000000095100000)
 Metaspace       used 279247K, capacity 298069K, committed 298540K, reserved 1308672K
  class space    used 36335K, capacity 39969K, committed 40320K, reserved 1048576K
}
Event: 3317.897 GC heap before
{Heap before GC invocations=71 (full 7):
 PSYoungGen      total 616448K, used 2208K [0x00000000d5580000, 0x00000000ff800000, 0x0000000100000000)
  eden space 542208K, 0% used [0x00000000d5580000,0x00000000d5580000,0x00000000f6700000)
  from space 74240K, 2% used [0x00000000faf80000,0x00000000fb1a8000,0x00000000ff800000)
  to   space 74240K, 0% used [0x00000000f6700000,0x00000000f6700000,0x00000000faf80000)
 ParOldGen       total 345088K, used 321970K [0x0000000080000000, 0x0000000095100000, 0x00000000d5580000)
  object space 345088K, 93% used [0x0000000080000000,0x0000000093a6c9b8,0x0000000095100000)
 Metaspace       used 279247K, capacity 298069K, committed 298540K, reserved 1308672K
  class space    used 36335K, capacity 39969K, committed 40320K, reserved 1048576K
Event: 3322.173 GC heap after
Heap after GC invocations=71 (full 7):
 PSYoungGen      total 616448K, used 0K [0x00000000d5580000, 0x00000000ff800000, 0x0000000100000000)
  eden space 542208K, 0% used [0x00000000d5580000,0x00000000d5580000,0x00000000f6700000)
  from space 74240K, 0% used [0x00000000faf80000,0x00000000faf80000,0x00000000ff800000)
  to   space 74240K, 0% used [0x00000000f6700000,0x00000000f6700000,0x00000000faf80000)
 ParOldGen       total 362496K, used 180542K [0x0000000080000000, 0x0000000096200000, 0x00000000d5580000)
  object space 362496K, 49% used [0x0000000080000000,0x000000008b04fa10,0x0000000096200000)
 Metaspace       used 278766K, capacity 296769K, committed 298540K, reserved 1308672K
  class space    used 36176K, capacity 39705K, committed 40320K, reserved 1048576K
}
Event: 3336.814 GC heap before
{Heap before GC invocations=72 (full 7):
 PSYoungGen      total 616448K, used 542208K [0x00000000d5580000, 0x00000000ff800000, 0x0000000100000000)
  eden space 542208K, 100% used [0x00000000d5580000,0x00000000f6700000,0x00000000f6700000)
  from space 74240K, 0% used [0x00000000faf80000,0x00000000faf80000,0x00000000ff800000)
  to   space 74240K, 0% used [0x00000000f6700000,0x00000000f6700000,0x00000000faf80000)
 ParOldGen       total 362496K, used 180542K [0x0000000080000000, 0x0000000096200000, 0x00000000d5580000)
  object space 362496K, 49% used [0x0000000080000000,0x000000008b04fa10,0x0000000096200000)
 Metaspace       used 279165K, capacity 297373K, committed 298796K, reserved 1308672K
  class space    used 36255K, capacity 39805K, committed 40320K, reserved 1048576K
Event: 3337.054 GC heap after
Heap after GC invocations=72 (full 7):
 PSYoungGen      total 616448K, used 74216K [0x00000000d5580000, 0x0000000100000000, 0x0000000100000000)
  eden space 542208K, 0% used [0x00000000d5580000,0x00000000d5580000,0x00000000f6700000)
  from space 74240K, 99% used [0x00000000f6700000,0x00000000faf7a3f0,0x00000000faf80000)
  to   space 82432K, 0% used [0x00000000faf80000,0x00000000faf80000,0x0000000100000000)
 ParOldGen       total 362496K, used 197319K [0x0000000080000000, 0x0000000096200000, 0x00000000d5580000)
  object space 362496K, 54% used [0x0000000080000000,0x000000008c0b1ec0,0x0000000096200000)
 Metaspace       used 279165K, capacity 297373K, committed 298796K, reserved 1308672K
  class space    used 36255K, capacity 39805K, committed 40320K, reserved 1048576K
}
Event: 3487.299 GC heap before
{Heap before GC invocations=73 (full 7):
 PSYoungGen      total 616448K, used 616424K [0x00000000d5580000, 0x0000000100000000, 0x0000000100000000)
  eden space 542208K, 100% used [0x00000000d5580000,0x00000000f6700000,0x00000000f6700000)
  from space 74240K, 99% used [0x00000000f6700000,0x00000000faf7a3f0,0x00000000faf80000)
  to   space 82432K, 0% used [0x00000000faf80000,0x00000000faf80000,0x0000000100000000)
 ParOldGen       total 362496K, used 197319K [0x0000000080000000, 0x0000000096200000, 0x00000000d5580000)
  object space 362496K, 54% used [0x0000000080000000,0x000000008c0b1ec0,0x0000000096200000)
 Metaspace       used 283396K, capacity 302071K, committed 302636K, reserved 1310720K
  class space    used 36818K, capacity 40505K, committed 40832K, reserved 1048576K
Event: 3488.980 GC heap after
Heap after GC invocations=73 (full 7):
 PSYoungGen      total 601088K, used 17166K [0x00000000d5580000, 0x0000000100000000, 0x0000000100000000)
  eden space 518656K, 0% used [0x00000000d5580000,0x00000000d5580000,0x00000000f5000000)
  from space 82432K, 20% used [0x00000000faf80000,0x00000000fc043ba8,0x0000000100000000)
  to   space 90112K, 0% used [0x00000000f5000000,0x00000000f5000000,0x00000000fa800000)
 ParOldGen       total 362496K, used 236437K [0x0000000080000000, 0x0000000096200000, 0x00000000d5580000)
  object space 362496K, 65% used [0x0000000080000000,0x000000008e6e5658,0x0000000096200000)
 Metaspace       used 283396K, capacity 302071K, committed 302636K, reserved 1310720K
  class space    used 36818K, capacity 40505K, committed 40832K, reserved 1048576K
}
Event: 3525.231 GC heap before
{Heap before GC invocations=74 (full 7):
 PSYoungGen      total 601088K, used 535822K [0x00000000d5580000, 0x0000000100000000, 0x0000000100000000)
  eden space 518656K, 100% used [0x00000000d5580000,0x00000000f5000000,0x00000000f5000000)
  from space 82432K, 20% used [0x00000000faf80000,0x00000000fc043ba8,0x0000000100000000)
  to   space 90112K, 0% used [0x00000000f5000000,0x00000000f5000000,0x00000000fa800000)
 ParOldGen       total 362496K, used 236437K [0x0000000080000000, 0x0000000096200000, 0x00000000d5580000)
  object space 362496K, 65% used [0x0000000080000000,0x000000008e6e5658,0x0000000096200000)
 Metaspace       used 283869K, capacity 302833K, committed 303276K, reserved 1312768K
  class space    used 36882K, capacity 40617K, committed 40960K, reserved 1048576K
Event: 3525.784 GC heap after
Heap after GC invocations=74 (full 7):
 PSYoungGen      total 608768K, used 17781K [0x00000000d5580000, 0x00000000ffd80000, 0x0000000100000000)
  eden space 518656K, 0% used [0x00000000d5580000,0x00000000d5580000,0x00000000f5000000)
  from space 90112K, 19% used [0x00000000f5000000,0x00000000f615d7e0,0x00000000fa800000)
  to   space 84992K, 0% used [0x00000000faa80000,0x00000000faa80000,0x00000000ffd80000)
 ParOldGen       total 362496K, used 241866K [0x0000000080000000, 0x0000000096200000, 0x00000000d5580000)
  object space 362496K, 66% used [0x0000000080000000,0x000000008ec329f0,0x0000000096200000)
 Metaspace       used 283869K, capacity 302833K, committed 303276K, reserved 1312768K
  class space    used 36882K, capacity 40617K, committed 40960K, reserved 1048576K
}

